<?xml version="1.0" encoding="UTF-8"?>
<!-- Generated by org.testng.reporters.JUnitReportReporter -->
<testsuite skipped="0" hostname="DESKTOP-CRHCDT9" name="JenkinsJob" tests="1" failures="0" timestamp="23 Mar 2019 06:16:13 GMT" time="13.367" errors="0">
  <testcase name="verify_page_title" time="13.367" classname="JenkinsJob"/>
</testsuite> <!-- JenkinsJob -->
